<?xml version="1.0" encoding="UTF-8"?>
<!-- Generated by org.testng.reporters.JUnitReportReporter -->
<testsuite skipped="0" hostname="PTWB-IT-LEN-209" name="com.qa.myntra.com.qa.myntra.mensShoesPageTest" tests="1" failures="0" timestamp="2021-08-18T16:48:47 IST" time="31.474" errors="0">
  <testcase name="testcase1" time="31.474" classname="com.qa.myntra.com.qa.myntra.mensShoesPageTest"/>
  <system-out/>
</testsuite> <!-- com.qa.myntra.com.qa.myntra.mensShoesPageTest -->
