<?xml version="1.0" encoding="UTF-8"?>
<!-- Generated by org.testng.reporters.JUnitReportReporter -->
<testsuite skipped="0" hostname="PTWB-IT-LEN-209" name="com.qa.myntra.com.qa.myntra.shoppingBagTest" tests="5" failures="0" timestamp="2021-08-18T16:48:47 IST" time="197.930" errors="0">
  <testcase name="testcase2" time="35.444" classname="com.qa.myntra.com.qa.myntra.shoppingBagTest"/>
  <system-out/>
  <testcase name="testcase3" time="28.123" classname="com.qa.myntra.com.qa.myntra.shoppingBagTest"/>
  <system-out/>
  <testcase name="testcase5" time="63.156" classname="com.qa.myntra.com.qa.myntra.shoppingBagTest"/>
  <system-out/>
  <testcase name="testcase4" time="35.602" classname="com.qa.myntra.com.qa.myntra.shoppingBagTest"/>
  <system-out/>
  <testcase name="testcase1" time="35.605" classname="com.qa.myntra.com.qa.myntra.shoppingBagTest"/>
  <system-out/>
</testsuite> <!-- com.qa.myntra.com.qa.myntra.shoppingBagTest -->
