<?xml version="1.0" encoding="UTF-8"?>
<!-- Generated by org.testng.reporters.JUnitReportReporter -->
<testsuite skipped="0" hostname="PTWB-IT-LEN-209" name="com.qa.myntra.com.qa.myntra.productPageTest" tests="3" failures="0" timestamp="2021-08-18T16:48:47 IST" time="89.945" errors="0">
  <testcase name="testcase1" time="32.872" classname="com.qa.myntra.com.qa.myntra.productPageTest"/>
  <system-out/>
  <testcase name="testcase2" time="25.307" classname="com.qa.myntra.com.qa.myntra.productPageTest"/>
  <system-out/>
  <testcase name="testcase3" time="31.766" classname="com.qa.myntra.com.qa.myntra.productPageTest"/>
  <system-out/>
</testsuite> <!-- com.qa.myntra.com.qa.myntra.productPageTest -->
